running  
 runtime path : ./root:dist/ibgroup.web.core.iblink.router.clientportal.gw.jar:build/lib/runtime/*
 config file  : ./root/conf.yaml
WARNING: A terminally deprecated method in sun.misc.Unsafe has been called
WARNING: sun.misc.Unsafe::objectFieldOffset has been called by io.netty.util.internal.PlatformDependent0$3 (file:/Users/bannastre/Projects/scanners/ibPortal/build/lib/runtime/netty-common-4.1.15.Final.jar)
WARNING: Please consider reporting this to the maintainers of class io.netty.util.internal.PlatformDependent0$3
WARNING: sun.misc.Unsafe::objectFieldOffset will be removed in a future release
 -> mount demo on /demo
Java Version: 26
****************************************************
version: a27ed42161ad96c53e715ca5c5e3e3fa4cff5262 Mon, 24 Apr 2023 15:41:53 -0400
****************************************************
This is the Client Portal Gateway
for any issues, please contact api@ibkr.com
and include a copy of your logs
****************************************************
https://www.interactivebrokers.com/api/doc.html
****************************************************
Open https://localhost:5001 to login
App demo is available after you login under: https://localhost:5001/demo#/
./bin/run.sh: line 33: 78334 Killed: 9               java -server -Dvertx.disableDnsResolver=true -Djava.net.preferIPv4Stack=true -Dvertx.logger-delegate-factory-class-name=io.vertx.core.logging.SLF4JLogDelegateFactory -Dnologback.statusListenerClass=ch.qos.logback.core.status.OnConsoleStatusListener -Dnolog4j.debug=true -Dnolog4j2.debug=true -cp "${RUNTIME_PATH}" ibgroup.web.core.clientportal.gw.GatewayStart --conf ../$config_file
